<?xml version="1.0" encoding="UTF-8"?>
<testng-results ignored="0" total="1" passed="1" failed="0" skipped="0">
  <reporter-output>
  </reporter-output>
  <suite started-at="2023-02-07T13:37:12 IST" name="Default suite" finished-at="2023-02-07T13:37:30 IST" duration-ms="18294">
    <groups>
    </groups>
    <test started-at="2023-02-07T13:37:12 IST" name="Default test" finished-at="2023-02-07T13:37:30 IST" duration-ms="18294">
      <class name="com.amazon.TestScripts.TestCase1">
        <test-method is-config="true" signature="configBS()[pri:0, instance:com.amazon.TestScripts.TestCase1@14dd9eb7]" started-at="2023-02-07T13:37:11 IST" name="configBS" finished-at="2023-02-07T13:37:12 IST" duration-ms="193" status="PASS">
          <reporter-output>
          </reporter-output>
        </test-method> <!-- configBS -->
        <test-method is-config="true" signature="openApp()[pri:0, instance:com.amazon.TestScripts.TestCase1@14dd9eb7]" started-at="2023-02-07T13:37:12 IST" name="openApp" finished-at="2023-02-07T13:37:19 IST" duration-ms="7218" status="PASS">
          <reporter-output>
          </reporter-output>
        </test-method> <!-- openApp -->
        <test-method signature="tc1()[pri:0, instance:com.amazon.TestScripts.TestCase1@14dd9eb7]" started-at="2023-02-07T13:37:19 IST" name="tc1" finished-at="2023-02-07T13:37:29 IST" duration-ms="10363" status="PASS">
          <reporter-output>
          </reporter-output>
        </test-method> <!-- tc1 -->
        <test-method is-config="true" signature="closeApp(org.testng.ITestResult)[pri:0, instance:com.amazon.TestScripts.TestCase1@14dd9eb7]" started-at="2023-02-07T13:37:29 IST" name="closeApp" finished-at="2023-02-07T13:37:30 IST" duration-ms="647" status="PASS">
          <params>
            <param index="0">
              <value>
                <![CDATA[[TestResult name=tc1 status=SUCCESS method=TestCase1.tc1()[pri:0, instance:com.amazon.TestScripts.TestCase1@14dd9eb7] output={null}]]]>
              </value>
            </param>
          </params>
          <reporter-output>
          </reporter-output>
        </test-method> <!-- closeApp -->
        <test-method is-config="true" signature="configAS()[pri:0, instance:com.amazon.TestScripts.TestCase1@14dd9eb7]" started-at="2023-02-07T13:37:30 IST" name="configAS" finished-at="2023-02-07T13:37:30 IST" duration-ms="316" status="PASS">
          <reporter-output>
          </reporter-output>
        </test-method> <!-- configAS -->
      </class> <!-- com.amazon.TestScripts.TestCase1 -->
    </test> <!-- Default test -->
  </suite> <!-- Default suite -->
</testng-results>
